  Angle.cpp
  Armor.cpp
  Arrow.cpp
  AttributeBar.cpp
  Bow.cpp
  Camera.cpp
C:\MAMP\htdocs\as-pts1\travail\projet test\Classes\Resource\Camera.cpp(12,5): error C2065: '_window': undeclared identifier
C:\MAMP\htdocs\as-pts1\travail\projet test\Classes\Resource\Camera.cpp(13,5): error C2065: '_window': undeclared identifier
C:\MAMP\htdocs\as-pts1\travail\projet test\Classes\Resource\Camera.cpp(14,5): error C2065: '_window': undeclared identifier
C:\MAMP\htdocs\as-pts1\travail\projet test\Classes\Resource\Camera.cpp(20,5): error C2065: '_window': undeclared identifier
C:\MAMP\htdocs\as-pts1\travail\projet test\Classes\Resource\Camera.cpp(21,5): error C2065: '_window': undeclared identifier
C:\MAMP\htdocs\as-pts1\travail\projet test\Classes\Resource\Camera.cpp(22,5): error C2065: '_window': undeclared identifier
C:\MAMP\htdocs\as-pts1\travail\projet test\Classes\Resource\Camera.cpp(25,27): error C2039: 'getWindow': is not a member of 'Camera'
C:\MAMP\htdocs\as-pts1\travail\projet test\Classes\Header\Camera.hpp(12): message : see declaration of 'Camera'
C:\MAMP\htdocs\as-pts1\travail\projet test\Classes\Resource\Camera.cpp(26,12): error C2065: '_window': undeclared identifier
C:\MAMP\htdocs\as-pts1\travail\projet test\Classes\Resource\Camera.cpp(30,29): error C2511: 'void Camera::drawMap(Map)': overloaded member function not found in 'Camera'
C:\MAMP\htdocs\as-pts1\travail\projet test\Classes\Header\Camera.hpp(12): message : see declaration of 'Camera'
C:\MAMP\htdocs\as-pts1\travail\projet test\Classes\Resource\Camera.cpp(32,27): error C2039: 'getWallList': is not a member of 'Map'
C:\MAMP\htdocs\as-pts1\travail\projet test\Classes\Header\Map.hpp(10): message : see declaration of 'Map'
C:\MAMP\htdocs\as-pts1\travail\projet test\Classes\Resource\Camera.cpp(35,39): error C2039: 'getWallList': is not a member of 'Map'
C:\MAMP\htdocs\as-pts1\travail\projet test\Classes\Header\Map.hpp(10): message : see declaration of 'Map'
C:\MAMP\htdocs\as-pts1\travail\projet test\Classes\Resource\Camera.cpp(35,76): error C2039: 'getWallList': is not a member of 'Map'
C:\MAMP\htdocs\as-pts1\travail\projet test\Classes\Header\Map.hpp(10): message : see declaration of 'Map'
C:\MAMP\htdocs\as-pts1\travail\projet test\Classes\Resource\Camera.cpp(36,39): error C2039: 'getWallList': is not a member of 'Map'
C:\MAMP\htdocs\as-pts1\travail\projet test\Classes\Header\Map.hpp(10): message : see declaration of 'Map'
C:\MAMP\htdocs\as-pts1\travail\projet test\Classes\Resource\Camera.cpp(36,76): error C2039: 'getWallList': is not a member of 'Map'
C:\MAMP\htdocs\as-pts1\travail\projet test\Classes\Header\Map.hpp(10): message : see declaration of 'Map'
C:\MAMP\htdocs\as-pts1\travail\projet test\Classes\Resource\Camera.cpp(38,9): error C2065: '_window': undeclared identifier
C:\MAMP\htdocs\as-pts1\travail\projet test\Classes\Resource\Camera.cpp(42,32): error C4430: missing type specifier - int assumed. Note: C++ does not support default-int
C:\MAMP\htdocs\as-pts1\travail\projet test\Classes\Resource\Camera.cpp(42,32): error C2143: syntax error: missing ',' before '<'
C:\MAMP\htdocs\as-pts1\travail\projet test\Classes\Resource\Camera.cpp(42,75): error C2511: 'void Camera::drawAll(const int)': overloaded member function not found in 'Camera'
C:\MAMP\htdocs\as-pts1\travail\projet test\Classes\Header\Camera.hpp(12): message : see declaration of 'Camera'
C:\MAMP\htdocs\as-pts1\travail\projet test\Classes\Resource\Camera.cpp(43,12): error C2065: '_window': undeclared identifier
C:\MAMP\htdocs\as-pts1\travail\projet test\Classes\Resource\Camera.cpp(45,16): error C2065: '_window': undeclared identifier
C:\MAMP\htdocs\as-pts1\travail\projet test\Classes\Resource\Camera.cpp(47,17): error C2065: '_window': undeclared identifier
C:\MAMP\htdocs\as-pts1\travail\projet test\Classes\Resource\Camera.cpp(49,9): error C2065: '_window': undeclared identifier
C:\MAMP\htdocs\as-pts1\travail\projet test\Classes\Resource\Camera.cpp(50,17): error C2065: 'm': undeclared identifier
C:\MAMP\htdocs\as-pts1\travail\projet test\Classes\Resource\Camera.cpp(51,39): error C2065: 'objectList': undeclared identifier
C:\MAMP\htdocs\as-pts1\travail\projet test\Classes\Resource\Camera.cpp(51,39): error C2672: 'begin': no matching overloaded function found
C:\MAMP\htdocs\as-pts1\travail\projet test\Classes\Resource\Camera.cpp(51,51): error C2893: Failed to specialize function template 'unknown-type std::begin(_Container &)'
D:\Visual Studio\VC\Tools\MSVC\14.29.30133\include\xutility(1916): message : see declaration of 'std::begin'
C:\MAMP\htdocs\as-pts1\travail\projet test\Classes\Resource\Camera.cpp(51,51): message : With the following template arguments:
C:\MAMP\htdocs\as-pts1\travail\projet test\Classes\Resource\Camera.cpp(51,51): message : '_Container=unknown-type'
C:\MAMP\htdocs\as-pts1\travail\projet test\Classes\Resource\Camera.cpp(51,51): error C2784: 'const _Elem *std::begin(std::initializer_list<_Elem>) noexcept': could not deduce template argument for 'std::initializer_list<_Elem>' from 'unknown-type'
D:\Visual Studio\VC\Tools\MSVC\14.29.30133\include\initializer_list(57): message : see declaration of 'std::begin'
C:\MAMP\htdocs\as-pts1\travail\projet test\Classes\Resource\Camera.cpp(51,39): error C2672: 'end': no matching overloaded function found
C:\MAMP\htdocs\as-pts1\travail\projet test\Classes\Resource\Camera.cpp(51,51): error C2893: Failed to specialize function template 'unknown-type std::end(_Container &)'
D:\Visual Studio\VC\Tools\MSVC\14.29.30133\include\xutility(1926): message : see declaration of 'std::end'
C:\MAMP\htdocs\as-pts1\travail\projet test\Classes\Resource\Camera.cpp(51,51): message : With the following template arguments:
C:\MAMP\htdocs\as-pts1\travail\projet test\Classes\Resource\Camera.cpp(51,51): message : '_Container=unknown-type'
C:\MAMP\htdocs\as-pts1\travail\projet test\Classes\Resource\Camera.cpp(51,51): error C2784: 'const _Elem *std::end(std::initializer_list<_Elem>) noexcept': could not deduce template argument for 'std::initializer_list<_Elem>' from 'unknown-type'
D:\Visual Studio\VC\Tools\MSVC\14.29.30133\include\initializer_list(63): message : see declaration of 'std::end'
C:\MAMP\htdocs\as-pts1\travail\projet test\Classes\Resource\Camera.cpp(51,51): error C3536: '<begin>$L0': cannot be used before it is initialized
C:\MAMP\htdocs\as-pts1\travail\projet test\Classes\Resource\Camera.cpp(51,51): error C3536: '<end>$L0': cannot be used before it is initialized
C:\MAMP\htdocs\as-pts1\travail\projet test\Classes\Resource\Camera.cpp(51,49): error C2100: illegal indirection
C:\MAMP\htdocs\as-pts1\travail\projet test\Classes\Resource\Camera.cpp(51,51): error C2440: 'initializing': cannot convert from 'int' to 'MoveableObject *'
C:\MAMP\htdocs\as-pts1\travail\projet test\Classes\Resource\Camera.cpp(51,49): message : Conversion from integral type to pointer type requires reinterpret_cast, C-style cast or function-style cast
C:\MAMP\htdocs\as-pts1\travail\projet test\Classes\Resource\Camera.cpp(52,30): error C2660: 'Camera::drawObject': function does not take 1 arguments
C:\MAMP\htdocs\as-pts1\travail\projet test\Classes\Header\Camera.hpp(21,7): message : see declaration of 'Camera::drawObject'
C:\MAMP\htdocs\as-pts1\travail\projet test\Classes\Resource\Camera.cpp(54,9): error C2065: '_window': undeclared identifier
C:\MAMP\htdocs\as-pts1\travail\projet test\Classes\Resource\Camera.cpp(58,60): error C2511: 'void Camera::drawObject(const MoveableObject *) const': overloaded member function not found in 'Camera'
C:\MAMP\htdocs\as-pts1\travail\projet test\Classes\Header\Camera.hpp(12): message : see declaration of 'Camera'
  Dagger.cpp
  DaggerOfSpeed.cpp
  DrawableObject.cpp
  Ennemy.cpp
  Fireball.cpp
  FireSword.cpp
  Flooring.cpp
  FriendlyCharacter.cpp
  GameMaster.cpp
  Gold.cpp
  GUIElement.cpp
  HittableCharacter.cpp
  Item.cpp
  Knight.cpp
  Generating Code...
  Compiling...
  Map.cpp
C:\MAMP\htdocs\as-pts1\travail\projet test\Classes\Resource\Map.cpp(6,12): error C2600: 'Map::Map': cannot define a compiler-generated special member function (must be declared in the class first)
C:\MAMP\htdocs\as-pts1\travail\projet test\Classes\Resource\Map.cpp(7,2): error C2065: 'Wall': undeclared identifier
C:\MAMP\htdocs\as-pts1\travail\projet test\Classes\Resource\Map.cpp(6,6): message : This diagnostic occurred in the compiler generated function 'Map::Map(void)'
C:\MAMP\htdocs\as-pts1\travail\projet test\Classes\Resource\Map.cpp(7,7): error C2146: syntax error: missing ';' before identifier 'wall1'
C:\MAMP\htdocs\as-pts1\travail\projet test\Classes\Resource\Map.cpp(6,6): message : This diagnostic occurred in the compiler generated function 'Map::Map(void)'
C:\MAMP\htdocs\as-pts1\travail\projet test\Classes\Resource\Map.cpp(7,7): error C2065: 'wall1': undeclared identifier
C:\MAMP\htdocs\as-pts1\travail\projet test\Classes\Resource\Map.cpp(6,6): message : This diagnostic occurred in the compiler generated function 'Map::Map(void)'
C:\MAMP\htdocs\as-pts1\travail\projet test\Classes\Resource\Map.cpp(13,2): error C2065: 'Wall': undeclared identifier
C:\MAMP\htdocs\as-pts1\travail\projet test\Classes\Resource\Map.cpp(6,6): message : This diagnostic occurred in the compiler generated function 'Map::Map(void)'
C:\MAMP\htdocs\as-pts1\travail\projet test\Classes\Resource\Map.cpp(13,7): error C2146: syntax error: missing ';' before identifier 'wall2'
C:\MAMP\htdocs\as-pts1\travail\projet test\Classes\Resource\Map.cpp(6,6): message : This diagnostic occurred in the compiler generated function 'Map::Map(void)'
C:\MAMP\htdocs\as-pts1\travail\projet test\Classes\Resource\Map.cpp(13,7): error C3861: 'wall2': identifier not found
C:\MAMP\htdocs\as-pts1\travail\projet test\Classes\Resource\Map.cpp(6,6): message : This diagnostic occurred in the compiler generated function 'Map::Map(void)'
C:\MAMP\htdocs\as-pts1\travail\projet test\Classes\Resource\Map.cpp(16,2): error C2065: 'Wall': undeclared identifier
C:\MAMP\htdocs\as-pts1\travail\projet test\Classes\Resource\Map.cpp(6,6): message : This diagnostic occurred in the compiler generated function 'Map::Map(void)'
C:\MAMP\htdocs\as-pts1\travail\projet test\Classes\Resource\Map.cpp(16,7): error C2146: syntax error: missing ';' before identifier 'wall3'
C:\MAMP\htdocs\as-pts1\travail\projet test\Classes\Resource\Map.cpp(6,6): message : This diagnostic occurred in the compiler generated function 'Map::Map(void)'
C:\MAMP\htdocs\as-pts1\travail\projet test\Classes\Resource\Map.cpp(16,7): error C3861: 'wall3': identifier not found
C:\MAMP\htdocs\as-pts1\travail\projet test\Classes\Resource\Map.cpp(6,6): message : This diagnostic occurred in the compiler generated function 'Map::Map(void)'
C:\MAMP\htdocs\as-pts1\travail\projet test\Classes\Resource\Map.cpp(19,2): error C2065: 'Wall': undeclared identifier
C:\MAMP\htdocs\as-pts1\travail\projet test\Classes\Resource\Map.cpp(6,6): message : This diagnostic occurred in the compiler generated function 'Map::Map(void)'
C:\MAMP\htdocs\as-pts1\travail\projet test\Classes\Resource\Map.cpp(19,7): error C2146: syntax error: missing ';' before identifier 'wall4'
C:\MAMP\htdocs\as-pts1\travail\projet test\Classes\Resource\Map.cpp(6,6): message : This diagnostic occurred in the compiler generated function 'Map::Map(void)'
C:\MAMP\htdocs\as-pts1\travail\projet test\Classes\Resource\Map.cpp(19,7): error C3861: 'wall4': identifier not found
C:\MAMP\htdocs\as-pts1\travail\projet test\Classes\Resource\Map.cpp(6,6): message : This diagnostic occurred in the compiler generated function 'Map::Map(void)'
C:\MAMP\htdocs\as-pts1\travail\projet test\Classes\Resource\Map.cpp(20,2): error C2065: 'wallList': undeclared identifier
C:\MAMP\htdocs\as-pts1\travail\projet test\Classes\Resource\Map.cpp(6,6): message : This diagnostic occurred in the compiler generated function 'Map::Map(void)'
C:\MAMP\htdocs\as-pts1\travail\projet test\Classes\Resource\Map.cpp(20,21): error C2065: 'wall1': undeclared identifier
C:\MAMP\htdocs\as-pts1\travail\projet test\Classes\Resource\Map.cpp(6,6): message : This diagnostic occurred in the compiler generated function 'Map::Map(void)'
C:\MAMP\htdocs\as-pts1\travail\projet test\Classes\Resource\Map.cpp(21,2): error C2065: 'wallList': undeclared identifier
C:\MAMP\htdocs\as-pts1\travail\projet test\Classes\Resource\Map.cpp(6,6): message : This diagnostic occurred in the compiler generated function 'Map::Map(void)'
C:\MAMP\htdocs\as-pts1\travail\projet test\Classes\Resource\Map.cpp(21,21): error C2065: 'wall2': undeclared identifier
C:\MAMP\htdocs\as-pts1\travail\projet test\Classes\Resource\Map.cpp(6,6): message : This diagnostic occurred in the compiler generated function 'Map::Map(void)'
C:\MAMP\htdocs\as-pts1\travail\projet test\Classes\Resource\Map.cpp(22,2): error C2065: 'wallList': undeclared identifier
C:\MAMP\htdocs\as-pts1\travail\projet test\Classes\Resource\Map.cpp(6,6): message : This diagnostic occurred in the compiler generated function 'Map::Map(void)'
C:\MAMP\htdocs\as-pts1\travail\projet test\Classes\Resource\Map.cpp(22,21): error C2065: 'wall3': undeclared identifier
C:\MAMP\htdocs\as-pts1\travail\projet test\Classes\Resource\Map.cpp(6,6): message : This diagnostic occurred in the compiler generated function 'Map::Map(void)'
C:\MAMP\htdocs\as-pts1\travail\projet test\Classes\Resource\Map.cpp(23,2): error C2065: 'wallList': undeclared identifier
C:\MAMP\htdocs\as-pts1\travail\projet test\Classes\Resource\Map.cpp(6,6): message : This diagnostic occurred in the compiler generated function 'Map::Map(void)'
C:\MAMP\htdocs\as-pts1\travail\projet test\Classes\Resource\Map.cpp(23,21): error C2065: 'wall4': undeclared identifier
C:\MAMP\htdocs\as-pts1\travail\projet test\Classes\Resource\Map.cpp(6,6): message : This diagnostic occurred in the compiler generated function 'Map::Map(void)'
C:\MAMP\htdocs\as-pts1\travail\projet test\Classes\Resource\Map.cpp(25,13): error C2065: 'Wall': undeclared identifier
C:\MAMP\htdocs\as-pts1\travail\projet test\Classes\Resource\Map.cpp(25,6): error C2923: 'std::vector': 'Wall' is not a valid template type argument for parameter '_Ty'
C:\MAMP\htdocs\as-pts1\travail\projet test\Classes\Resource\Map.cpp(25): message : see declaration of 'Wall'
C:\MAMP\htdocs\as-pts1\travail\projet test\Classes\Resource\Map.cpp(25,6): error C2976: 'std::vector': too few template arguments
D:\Visual Studio\VC\Tools\MSVC\14.29.30133\include\vector(443): message : see declaration of 'std::vector'
C:\MAMP\htdocs\as-pts1\travail\projet test\Classes\Resource\Map.cpp(25,24): error C2039: 'getWallList': is not a member of 'Map'
C:\MAMP\htdocs\as-pts1\travail\projet test\Classes\Header\Map.hpp(10): message : see declaration of 'Map'
C:\MAMP\htdocs\as-pts1\travail\projet test\Classes\Resource\Map.cpp(25,38): error C2079: 'getWallList' uses undefined class 'std::vector'
C:\MAMP\htdocs\as-pts1\travail\projet test\Classes\Resource\Map.cpp(26,9): error C2065: 'wallList': undeclared identifier
  Menu.cpp
  MoveableObject.cpp
  PassableObject.cpp
  Player.cpp
  Projectile.cpp
  RejuvenatingHelmet.cpp
  Room.cpp
  RoomObject.cpp
  ScrollOfFireball.cpp
  Skeleton.cpp
  Skill.cpp
  Skorpion.cpp
  Slime.cpp
  SolidObject.cpp
  Sword.cpp
  TextureLoader.cpp
  Thief.cpp
  UnusableItem.cpp
  UsableItem.cpp
  Generating Code...
  Compiling...
  Wall.cpp
C:\MAMP\htdocs\as-pts1\travail\projet test\Classes\Resource\Wall.cpp(5,14): error C2600: 'Wall::Wall': cannot define a compiler-generated special member function (must be declared in the class first)
C:\MAMP\htdocs\as-pts1\travail\projet test\Classes\Resource\Wall.cpp(6,2): error C2065: 'point1': undeclared identifier
C:\MAMP\htdocs\as-pts1\travail\projet test\Classes\Resource\Wall.cpp(5,7): message : This diagnostic occurred in the compiler generated function 'Wall::Wall(void)'
C:\MAMP\htdocs\as-pts1\travail\projet test\Classes\Resource\Wall.cpp(7,2): error C2065: 'point1': undeclared identifier
C:\MAMP\htdocs\as-pts1\travail\projet test\Classes\Resource\Wall.cpp(5,7): message : This diagnostic occurred in the compiler generated function 'Wall::Wall(void)'
C:\MAMP\htdocs\as-pts1\travail\projet test\Classes\Resource\Wall.cpp(8,2): error C2065: 'point2': undeclared identifier
C:\MAMP\htdocs\as-pts1\travail\projet test\Classes\Resource\Wall.cpp(5,7): message : This diagnostic occurred in the compiler generated function 'Wall::Wall(void)'
C:\MAMP\htdocs\as-pts1\travail\projet test\Classes\Resource\Wall.cpp(9,2): error C2065: 'point2': undeclared identifier
C:\MAMP\htdocs\as-pts1\travail\projet test\Classes\Resource\Wall.cpp(5,7): message : This diagnostic occurred in the compiler generated function 'Wall::Wall(void)'
C:\MAMP\htdocs\as-pts1\travail\projet test\Classes\Resource\Wall.cpp(11,46): error C2511: 'Wall::Wall(sf::Vector2f,sf::Vector2f)': overloaded member function not found in 'Wall'
C:\MAMP\htdocs\as-pts1\travail\projet test\Classes\Header\Wall.hpp(9): message : see declaration of 'Wall'
C:\MAMP\htdocs\as-pts1\travail\projet test\Classes\Resource\Wall.cpp(12,2): error C2065: 'point1': undeclared identifier
C:\MAMP\htdocs\as-pts1\travail\projet test\Classes\Resource\Wall.cpp(13,2): error C2065: 'point1': undeclared identifier
C:\MAMP\htdocs\as-pts1\travail\projet test\Classes\Resource\Wall.cpp(14,2): error C2065: 'point2': undeclared identifier
C:\MAMP\htdocs\as-pts1\travail\projet test\Classes\Resource\Wall.cpp(15,2): error C2065: 'point2': undeclared identifier
C:\MAMP\htdocs\as-pts1\travail\projet test\Classes\Resource\Wall.cpp(18,20): error C2039: 'getPoint1': is not a member of 'Wall'
C:\MAMP\htdocs\as-pts1\travail\projet test\Classes\Header\Wall.hpp(9): message : see declaration of 'Wall'
C:\MAMP\htdocs\as-pts1\travail\projet test\Classes\Resource\Wall.cpp(19,9): error C2065: 'point1': undeclared identifier
C:\MAMP\htdocs\as-pts1\travail\projet test\Classes\Resource\Wall.cpp(22,20): error C2039: 'getPoint2': is not a member of 'Wall'
C:\MAMP\htdocs\as-pts1\travail\projet test\Classes\Header\Wall.hpp(9): message : see declaration of 'Wall'
C:\MAMP\htdocs\as-pts1\travail\projet test\Classes\Resource\Wall.cpp(23,9): error C2065: 'point2': undeclared identifier
  Wand.cpp
  WandOfDestruction.cpp
  Weapon.cpp
  main.cpp
  Generating Code...
